2021-01-25 16:57:11,063 INFO o.s.b.StartupInfoLogger [restartedMain] Starting GitFocusApplication on INCHCMLP02374 with PID 25416 (D:\AWS\Spring Boot\GitFocus_Service\target\classes started by PS00440590 in D:\AWS\Spring Boot\GitFocus_Service)
2021-01-25 16:57:11,070 DEBUG o.s.b.StartupInfoLogger [restartedMain] Running with Spring Boot v2.2.6.RELEASE, Spring v5.2.5.RELEASE
2021-01-25 16:57:11,070 INFO o.s.b.SpringApplication [restartedMain] No active profile set, falling back to default profiles: default
2021-01-25 16:57:12,989 INFO c.g.d.u.i.PullCommitUIServiceImpl [restartedMain] PullCommitUIServiceImpl init
2021-01-25 16:57:13,534 INFO o.s.b.StartupInfoLogger [restartedMain] Started GitFocusApplication in 2.55 seconds (JVM running for 988.667)
2021-01-25 16:57:59,085 INFO o.s.b.StartupInfoLogger [restartedMain] Starting GitFocusApplication on INCHCMLP02374 with PID 25416 (D:\AWS\Spring Boot\GitFocus_Service\target\classes started by PS00440590 in D:\AWS\Spring Boot\GitFocus_Service)
2021-01-25 16:57:59,093 DEBUG o.s.b.StartupInfoLogger [restartedMain] Running with Spring Boot v2.2.6.RELEASE, Spring v5.2.5.RELEASE
2021-01-25 16:57:59,093 INFO o.s.b.SpringApplication [restartedMain] No active profile set, falling back to default profiles: default
2021-01-25 16:58:01,240 INFO c.g.d.u.i.PullCommitUIServiceImpl [restartedMain] PullCommitUIServiceImpl init
2021-01-25 16:58:01,932 INFO o.s.b.StartupInfoLogger [restartedMain] Started GitFocusApplication in 2.928 seconds (JVM running for 1037.017)
2021-01-25 16:58:37,866 INFO o.s.b.StartupInfoLogger [restartedMain] Starting GitFocusApplication on INCHCMLP02374 with PID 25416 (D:\AWS\Spring Boot\GitFocus_Service\target\classes started by PS00440590 in D:\AWS\Spring Boot\GitFocus_Service)
2021-01-25 16:58:37,872 DEBUG o.s.b.StartupInfoLogger [restartedMain] Running with Spring Boot v2.2.6.RELEASE, Spring v5.2.5.RELEASE
2021-01-25 16:58:37,873 INFO o.s.b.SpringApplication [restartedMain] No active profile set, falling back to default profiles: default
2021-01-25 16:58:39,630 INFO c.g.d.u.i.PullCommitUIServiceImpl [restartedMain] PullCommitUIServiceImpl init
2021-01-25 16:58:40,148 INFO o.s.b.StartupInfoLogger [restartedMain] Started GitFocusApplication in 2.353 seconds (JVM running for 1075.233)
2021-01-25 17:00:26,900 INFO o.s.b.StartupInfoLogger [restartedMain] Starting GitFocusApplication on INCHCMLP02374 with PID 25416 (D:\AWS\Spring Boot\GitFocus_Service\target\classes started by PS00440590 in D:\AWS\Spring Boot\GitFocus_Service)
2021-01-25 17:00:26,907 DEBUG o.s.b.StartupInfoLogger [restartedMain] Running with Spring Boot v2.2.6.RELEASE, Spring v5.2.5.RELEASE
2021-01-25 17:00:26,907 INFO o.s.b.SpringApplication [restartedMain] No active profile set, falling back to default profiles: default
2021-01-25 17:00:28,657 INFO c.g.d.u.i.PullCommitUIServiceImpl [restartedMain] PullCommitUIServiceImpl init
2021-01-25 17:00:29,126 INFO o.s.b.StartupInfoLogger [restartedMain] Started GitFocusApplication in 2.303 seconds (JVM running for 1184.211)
2021-01-25 17:01:29,395 INFO o.s.b.StartupInfoLogger [restartedMain] Starting GitFocusApplication on INCHCMLP02374 with PID 24528 (D:\AWS\Spring Boot\GitFocus_Service\target\classes started by PS00440590 in D:\AWS\Spring Boot\GitFocus_Service)
2021-01-25 17:01:29,428 DEBUG o.s.b.StartupInfoLogger [restartedMain] Running with Spring Boot v2.2.6.RELEASE, Spring v5.2.5.RELEASE
2021-01-25 17:01:29,431 INFO o.s.b.SpringApplication [restartedMain] No active profile set, falling back to default profiles: default
2021-01-25 17:01:36,713 INFO c.g.d.u.i.PullCommitUIServiceImpl [restartedMain] PullCommitUIServiceImpl init
2021-01-25 17:01:38,118 INFO o.s.b.StartupInfoLogger [restartedMain] Started GitFocusApplication in 9.475 seconds (JVM running for 20.079)
2021-01-25 17:02:42,228 INFO o.s.b.StartupInfoLogger [restartedMain] Starting GitFocusApplication on INCHCMLP02374 with PID 11888 (D:\AWS\Spring Boot\GitFocus_Service\target\classes started by PS00440590 in D:\AWS\Spring Boot\GitFocus_Service)
2021-01-25 17:02:42,255 DEBUG o.s.b.StartupInfoLogger [restartedMain] Running with Spring Boot v2.2.6.RELEASE, Spring v5.2.5.RELEASE
2021-01-25 17:02:42,257 INFO o.s.b.SpringApplication [restartedMain] No active profile set, falling back to default profiles: default
2021-01-25 17:02:51,007 INFO c.g.d.u.i.PullCommitUIServiceImpl [restartedMain] PullCommitUIServiceImpl init
2021-01-25 17:02:52,660 INFO o.s.b.StartupInfoLogger [restartedMain] Started GitFocusApplication in 11.23 seconds (JVM running for 21.055)
2021-01-25 17:04:45,785 INFO o.s.b.StartupInfoLogger [restartedMain] Starting GitFocusApplication on INCHCMLP02374 with PID 11000 (D:\AWS\Spring Boot\GitFocus_Service\target\classes started by PS00440590 in D:\AWS\Spring Boot\GitFocus_Service)
2021-01-25 17:04:45,815 DEBUG o.s.b.StartupInfoLogger [restartedMain] Running with Spring Boot v2.2.6.RELEASE, Spring v5.2.5.RELEASE
2021-01-25 17:04:45,817 INFO o.s.b.SpringApplication [restartedMain] No active profile set, falling back to default profiles: default
2021-01-25 17:04:54,201 INFO c.g.d.u.i.PullCommitUIServiceImpl [restartedMain] PullCommitUIServiceImpl init
2021-01-25 17:04:55,997 INFO o.s.b.StartupInfoLogger [restartedMain] Started GitFocusApplication in 11.155 seconds (JVM running for 20.641)
